app/build/intermediates/manifest_merge_blame_file/release/processReleaseMainManifest/manifest-merger-blame-release-report.txt
1<?xml version="1.0" encoding="utf-8"?>
2<manifest xmlns:android="http://schemas.android.com/apk/res/android"
3    package="com.xtc.dial.jianianhua"
4    android:versionCode="1"
5    android:versionName="1.0.00.Local_J0_Ge136d466" >
6
7    <uses-sdk
7-->src\main\AndroidManifest.xml:7:5-74
8        android:minSdkVersion="25"
8-->src\main\AndroidManifest.xml:7:15-41
9        android:targetSdkVersion="28" />
9-->src\main\AndroidManifest.xml:7:42-71
10
11    <uses-permission android:name="android.permission.ACCESS_NETWORK_STATE" />
11-->src\main\AndroidManifest.xml:9:5-79
11-->src\main\AndroidManifest.xml:9:22-76
12    <uses-permission android:name="android.permission.ACCESS_WIFI_STATE" />
12-->src\main\AndroidManifest.xml:10:5-76
12-->src\main\AndroidManifest.xml:10:22-73
13    <uses-permission android:name="android.permission.CHANGE_WIFI_STATE" />
13-->src\main\AndroidManifest.xml:11:5-76
13-->src\main\AndroidManifest.xml:11:22-73
14    <uses-permission android:name="android.permission.VIBRATE" />
14-->src\main\AndroidManifest.xml:12:5-66
14-->src\main\AndroidManifest.xml:12:22-63
15    <uses-permission android:name="android.permission.WRITE_EXTERNAL_STORAGE" />
15-->src\main\AndroidManifest.xml:13:5-81
15-->src\main\AndroidManifest.xml:13:22-78
16    <uses-permission android:name="android.permission.READ_EXTERNAL_STORAGE" />
16-->src\main\AndroidManifest.xml:14:5-80
16-->src\main\AndroidManifest.xml:14:22-77
17
18    <application
18-->src\main\AndroidManifest.xml:16:5-18:45
19        android:extractNativeLibs="false"
19-->src\main\AndroidManifest.xml:18:9-42
20        android:label="@string/app_name" />
20-->src\main\AndroidManifest.xml:17:9-41
21
22</manifest>